2025/03/17 01:06:07 [INFO] [PreImage] eb13a7dc56...
2025/03/17 01:06:07 [INFO] [Round 1 without nonce] eb13a7dc56...
2025/03/17 01:06:07 [INFO] [Round 2 with nonce 5] 1f02bee8f1...
2025/03/17 01:06:07 [INFO] [Round 3 with nonce 3e] 116888ce03...
2025/03/17 01:06:07 [INFO] [Round 4 with nonce 1704] 113de37e5c...
2025/03/17 01:06:07 [INFO] [Round 5 with nonce 8af6] 1135090bf6...
2025/03/17 01:06:08 [INFO] [Round 6 with nonce 8002956b] 113553c778...
2025/03/17 01:06:11 [INFO] [Round 7 with nonce 2009323b] 113550d8d7...
2025/03/17 01:07:49 [INFO] [Round 8 with nonce a0c918c6] 113550045a...
2025/03/17 01:26:19 [INFO] [Round 9 with nonce 9f71d9b] 11355002b6...
2025/03/17 02:26:04 [EROR] [Round 10] not found with running out of nonce


2025/03/21 23:35:47 [INFO] [PreImage] eb13a7dc565e84478337163c512daa47186b5848f35fdb807997a2ae6962bd11
2025/03/21 23:35:47 [INFO] [Round 1 without nonce] eb13a7dc565e84478337163c512daa47186b5848f35fdb807997a2ae6962bd11
2025/03/21 23:35:48 [INFO] [Round 2 with nonce 5] 1f02bee8f1db769f987c094bb7dfccaa02dcb730fec452e9632b91e123d78e6a
2025/03/21 23:35:48 [INFO] [Round 3 with nonce 3e] 116888ce03827096cbcafd6a79f006aff3fd90d168d4652bec3e1ae426d9e014
2025/03/21 23:35:48 [INFO] [Round 4 with nonce 1704] 113de37e5c4168833f11f875d49a6123b5edea011466062d678ead8ab77957a1
2025/03/21 23:35:50 [INFO] [Round 5 with nonce b0001c20] 1135ab5e53889e57e1055d15d2706323a3f614d08a22c35901445c2d9bdec8d2
2025/03/21 23:35:51 [INFO] [Round 6 with nonce 100020bf] 113550dd0b211cf9b5d8bb60a051dae6f6892c65f0ec7d2bfa24d233360dd7c2
2025/03/21 23:35:51 [INFO] [Round 7 without nonce] 113550dd0b211cf9b5d8bb60a051dae6f6892c65f0ec7d2bfa24d233360dd7c2
2025/03/21 23:57:05 [INFO] [Round 8 with nonce a0a9af87] 1135500ee84b5cd38f529453ee58fcdd325cd7dc36656438933064c2011e6cdc

2025/03/22 01:18:54 [INFO] [PreImage] eb13a7dc565e84478337163c512daa47186b5848f35fdb807997a2ae6962bd11
2025/03/22 01:18:54 [INFO] [Round 1 without nonce] eb13a7dc565e84478337163c512daa47186b5848f35fdb807997a2ae6962bd11
2025/03/22 01:18:55 [INFO] [Round 2 with nonce 5] 1f02bee8f1db769f987c094bb7dfccaa02dcb730fec452e9632b91e123d78e6a
2025/03/22 01:18:55 [INFO] [Round 3 with nonce 3e] 116888ce03827096cbcafd6a79f006aff3fd90d168d4652bec3e1ae426d9e014
2025/03/22 01:18:56 [INFO] [Round 4 with nonce 1704] 113de37e5c4168833f11f875d49a6123b5edea011466062d678ead8ab77957a1
2025/03/22 01:18:57 [INFO] [Round 5 with nonce b0001c20] 1135ab5e53889e57e1055d15d2706323a3f614d08a22c35901445c2d9bdec8d2
2025/03/22 01:18:58 [INFO] [Round 6 with nonce 100020bf] 113550dd0b211cf9b5d8bb60a051dae6f6892c65f0ec7d2bfa24d233360dd7c2
2025/03/22 01:18:58 [INFO] [Round 7 without nonce] 113550dd0b211cf9b5d8bb60a051dae6f6892c65f0ec7d2bfa24d233360dd7c2
2025/03/22 01:40:13 [INFO] [Round 8 with nonce a0a9af87] 1135500ee84b5cd38f529453ee58fcdd325cd7dc36656438933064c2011e6cdc
2025/03/22 04:44:06 [INFO] [Round 9 with nonce 75f9a2d7] 11355002f2f0fb708b048b938d1238591de2d1af889d0b1e69a1dd914ee5e96f
2025/03/22 07:20:04 [INFO] [Round 10 with nonce 151d9c26] 11355002314520f6301be584b0d0fa6138cf777dda77f0239d96058826b31fab